<?xml version="1.0" encoding="UTF-8"?>
<coverage generated="1656141420304" clover="3.2.0">
  <project timestamp="1656141420304" name="All files">
    <metrics statements="9" coveredstatements="9" conditionals="0" coveredconditionals="0" methods="2" coveredmethods="2" elements="11" coveredelements="11" complexity="0" loc="9" ncloc="9" packages="1" files="2" classes="2"/>
    <file name="allItemsCounter.js" path="C:\Users\Polar Bear\Documents\microverse\module2\JavaScript-Capstone\src\modules\allItemsCounter.js">
      <metrics statements="6" coveredstatements="6" conditionals="0" coveredconditionals="0" methods="1" coveredmethods="1"/>
      <line num="1" count="1" type="stmt"/>
      <line num="2" count="1" type="stmt"/>
      <line num="3" count="1" type="stmt"/>
      <line num="4" count="3" type="stmt"/>
      <line num="6" count="1" type="stmt"/>
      <line num="7" count="1" type="stmt"/>
    </file>
    <file name="commentDataMock.js" path="C:\Users\Polar Bear\Documents\microverse\module2\JavaScript-Capstone\src\modules\commentDataMock.js">
      <metrics statements="3" coveredstatements="3" conditionals="0" coveredconditionals="0" methods="1" coveredmethods="1"/>
      <line num="3" count="1" type="stmt"/>
      <line num="4" count="1" type="stmt"/>
      <line num="5" count="1" type="stmt"/>
    </file>
  </project>
</coverage>
